<?xml version="1.0" encoding="UTF-8"?>
<testsuite xmlns:xsi="http://www.w3.org/2001/XMLSchema-instance" xsi:noNamespaceSchemaLocation="https://maven.apache.org/surefire/maven-surefire-plugin/xsd/surefire-test-report.xsd" name="com.dehe.CustomerServiceApplicationTests" time="3.748" tests="1" errors="0" skipped="0" failures="0">
  <properties>
    <property name="sun.desktop" value="windows"/>
    <property name="awt.toolkit" value="sun.awt.windows.WToolkit"/>
    <property name="file.encoding.pkg" value="sun.io"/>
    <property name="java.specification.version" value="1.8"/>
    <property name="sun.cpu.isalist" value="amd64"/>
    <property name="sun.jnu.encoding" value="GBK"/>
    <property name="java.class.path" value="D:\Project\customer-service\target\test-classes;D:\Project\customer-service\target\classes;D:\apache-maven-3.5.0\maven-repository\com\alibaba\fastjson\1.2.35\fastjson-1.2.35.jar;D:\apache-maven-3.5.0\maven-repository\com\aliyun\oss\aliyun-sdk-oss\3.10.2\aliyun-sdk-oss-3.10.2.jar;D:\apache-maven-3.5.0\maven-repository\org\apache\httpcomponents\httpclient\4.5.13\httpclient-4.5.13.jar;D:\apache-maven-3.5.0\maven-repository\org\apache\httpcomponents\httpcore\4.4.13\httpcore-4.4.13.jar;D:\apache-maven-3.5.0\maven-repository\commons-codec\commons-codec\1.14\commons-codec-1.14.jar;D:\apache-maven-3.5.0\maven-repository\org\jdom\jdom2\2.0.6\jdom2-2.0.6.jar;D:\apache-maven-3.5.0\maven-repository\org\codehaus\jettison\jettison\1.1\jettison-1.1.jar;D:\apache-maven-3.5.0\maven-repository\stax\stax-api\1.0.1\stax-api-1.0.1.jar;D:\apache-maven-3.5.0\maven-repository\com\aliyun\aliyun-java-sdk-core\3.4.0\aliyun-java-sdk-core-3.4.0.jar;D:\apache-maven-3.5.0\maven-repository\com\aliyun\aliyun-java-sdk-ram\3.0.0\aliyun-java-sdk-ram-3.0.0.jar;D:\apache-maven-3.5.0\maven-repository\com\aliyun\aliyun-java-sdk-sts\3.0.0\aliyun-java-sdk-sts-3.0.0.jar;D:\apache-maven-3.5.0\maven-repository\com\aliyun\aliyun-java-sdk-ecs\4.2.0\aliyun-java-sdk-ecs-4.2.0.jar;D:\apache-maven-3.5.0\maven-repository\com\aliyun\aliyun-java-sdk-kms\2.7.0\aliyun-java-sdk-kms-2.7.0.jar;D:\apache-maven-3.5.0\maven-repository\com\google\code\gson\gson\2.8.6\gson-2.8.6.jar;D:\apache-maven-3.5.0\maven-repository\org\springframework\boot\spring-boot-starter-data-redis\2.3.5.RELEASE\spring-boot-starter-data-redis-2.3.5.RELEASE.jar;D:\apache-maven-3.5.0\maven-repository\org\springframework\boot\spring-boot-starter\2.3.5.RELEASE\spring-boot-starter-2.3.5.RELEASE.jar;D:\apache-maven-3.5.0\maven-repository\org\springframework\boot\spring-boot\2.3.5.RELEASE\spring-boot-2.3.5.RELEASE.jar;D:\apache-maven-3.5.0\maven-repository\org\springframework\boot\spring-boot-autoconfigure\2.3.5.RELEASE\spring-boot-autoconfigure-2.3.5.RELEASE.jar;D:\apache-maven-3.5.0\maven-repository\org\springframework\boot\spring-boot-starter-logging\2.3.5.RELEASE\spring-boot-starter-logging-2.3.5.RELEASE.jar;D:\apache-maven-3.5.0\maven-repository\ch\qos\logback\logback-classic\1.2.3\logback-classic-1.2.3.jar;D:\apache-maven-3.5.0\maven-repository\ch\qos\logback\logback-core\1.2.3\logback-core-1.2.3.jar;D:\apache-maven-3.5.0\maven-repository\org\apache\logging\log4j\log4j-to-slf4j\2.13.3\log4j-to-slf4j-2.13.3.jar;D:\apache-maven-3.5.0\maven-repository\org\apache\logging\log4j\log4j-api\2.13.3\log4j-api-2.13.3.jar;D:\apache-maven-3.5.0\maven-repository\org\slf4j\jul-to-slf4j\1.7.30\jul-to-slf4j-1.7.30.jar;D:\apache-maven-3.5.0\maven-repository\jakarta\annotation\jakarta.annotation-api\1.3.5\jakarta.annotation-api-1.3.5.jar;D:\apache-maven-3.5.0\maven-repository\org\yaml\snakeyaml\1.26\snakeyaml-1.26.jar;D:\apache-maven-3.5.0\maven-repository\org\springframework\data\spring-data-redis\2.3.5.RELEASE\spring-data-redis-2.3.5.RELEASE.jar;D:\apache-maven-3.5.0\maven-repository\org\springframework\data\spring-data-keyvalue\2.3.5.RELEASE\spring-data-keyvalue-2.3.5.RELEASE.jar;D:\apache-maven-3.5.0\maven-repository\org\springframework\data\spring-data-commons\2.3.5.RELEASE\spring-data-commons-2.3.5.RELEASE.jar;D:\apache-maven-3.5.0\maven-repository\org\springframework\spring-tx\5.2.10.RELEASE\spring-tx-5.2.10.RELEASE.jar;D:\apache-maven-3.5.0\maven-repository\org\springframework\spring-oxm\5.2.10.RELEASE\spring-oxm-5.2.10.RELEASE.jar;D:\apache-maven-3.5.0\maven-repository\org\springframework\spring-aop\5.2.10.RELEASE\spring-aop-5.2.10.RELEASE.jar;D:\apache-maven-3.5.0\maven-repository\org\springframework\spring-context-support\5.2.10.RELEASE\spring-context-support-5.2.10.RELEASE.jar;D:\apache-maven-3.5.0\maven-repository\org\slf4j\slf4j-api\1.7.30\slf4j-api-1.7.30.jar;D:\apache-maven-3.5.0\maven-repository\io\lettuce\lettuce-core\5.3.5.RELEASE\lettuce-core-5.3.5.RELEASE.jar;D:\apache-maven-3.5.0\maven-repository\io\netty\netty-common\4.1.53.Final\netty-common-4.1.53.Final.jar;D:\apache-maven-3.5.0\maven-repository\io\netty\netty-handler\4.1.53.Final\netty-handler-4.1.53.Final.jar;D:\apache-maven-3.5.0\maven-repository\io\netty\netty-resolver\4.1.53.Final\netty-resolver-4.1.53.Final.jar;D:\apache-maven-3.5.0\maven-repository\io\netty\netty-buffer\4.1.53.Final\netty-buffer-4.1.53.Final.jar;D:\apache-maven-3.5.0\maven-repository\io\netty\netty-codec\4.1.53.Final\netty-codec-4.1.53.Final.jar;D:\apache-maven-3.5.0\maven-repository\io\netty\netty-transport\4.1.53.Final\netty-transport-4.1.53.Final.jar;D:\apache-maven-3.5.0\maven-repository\io\projectreactor\reactor-core\3.3.11.RELEASE\reactor-core-3.3.11.RELEASE.jar;D:\apache-maven-3.5.0\maven-repository\org\reactivestreams\reactive-streams\1.0.3\reactive-streams-1.0.3.jar;D:\apache-maven-3.5.0\maven-repository\com\github\binarywang\weixin-java-mp\3.3.0\weixin-java-mp-3.3.0.jar;D:\apache-maven-3.5.0\maven-repository\com\github\binarywang\weixin-java-common\3.3.0\weixin-java-common-3.3.0.jar;D:\apache-maven-3.5.0\maven-repository\com\thoughtworks\xstream\xstream\1.4.10\xstream-1.4.10.jar;D:\apache-maven-3.5.0\maven-repository\xmlpull\xmlpull\1.1.3.1\xmlpull-1.1.3.1.jar;D:\apache-maven-3.5.0\maven-repository\xpp3\xpp3_min\1.1.4c\xpp3_min-1.1.4c.jar;D:\apache-maven-3.5.0\maven-repository\org\apache\httpcomponents\httpmime\4.5.13\httpmime-4.5.13.jar;D:\apache-maven-3.5.0\maven-repository\org\slf4j\jcl-over-slf4j\1.7.30\jcl-over-slf4j-1.7.30.jar;D:\apache-maven-3.5.0\maven-repository\commons-io\commons-io\2.5\commons-io-2.5.jar;D:\apache-maven-3.5.0\maven-repository\com\google\guava\guava\20.0\guava-20.0.jar;D:\apache-maven-3.5.0\maven-repository\org\dom4j\dom4j\2.0.0\dom4j-2.0.0.jar;D:\apache-maven-3.5.0\maven-repository\jaxen\jaxen\1.2.0\jaxen-1.2.0.jar;D:\apache-maven-3.5.0\maven-repository\org\webjars\stomp-websocket\2.3.3\stomp-websocket-2.3.3.jar;D:\apache-maven-3.5.0\maven-repository\javax\javaee-api\8.0\javaee-api-8.0.jar;D:\apache-maven-3.5.0\maven-repository\com\sun\mail\javax.mail\1.6.0\javax.mail-1.6.0.jar;D:\apache-maven-3.5.0\maven-repository\javax\activation\activation\1.1\activation-1.1.jar;D:\apache-maven-3.5.0\maven-repository\org\webjars\jquery\3.4.1\jquery-3.4.1.jar;D:\apache-maven-3.5.0\maven-repository\org\webjars\bootstrap\4.4.1\bootstrap-4.4.1.jar;D:\apache-maven-3.5.0\maven-repository\org\webjars\popper.js\1.14.3\popper.js-1.14.3.jar;D:\apache-maven-3.5.0\maven-repository\mysql\mysql-connector-java\8.0.22\mysql-connector-java-8.0.22.jar;D:\apache-maven-3.5.0\maven-repository\org\mybatis\spring\boot\mybatis-spring-boot-starter\2.1.4\mybatis-spring-boot-starter-2.1.4.jar;D:\apache-maven-3.5.0\maven-repository\org\springframework\boot\spring-boot-starter-jdbc\2.3.5.RELEASE\spring-boot-starter-jdbc-2.3.5.RELEASE.jar;D:\apache-maven-3.5.0\maven-repository\com\zaxxer\HikariCP\3.4.5\HikariCP-3.4.5.jar;D:\apache-maven-3.5.0\maven-repository\org\springframework\spring-jdbc\5.2.10.RELEASE\spring-jdbc-5.2.10.RELEASE.jar;D:\apache-maven-3.5.0\maven-repository\org\mybatis\spring\boot\mybatis-spring-boot-autoconfigure\2.1.4\mybatis-spring-boot-autoconfigure-2.1.4.jar;D:\apache-maven-3.5.0\maven-repository\org\mybatis\mybatis\3.5.6\mybatis-3.5.6.jar;D:\apache-maven-3.5.0\maven-repository\org\mybatis\mybatis-spring\2.0.6\mybatis-spring-2.0.6.jar;D:\apache-maven-3.5.0\maven-repository\com\alibaba\druid\1.2.3\druid-1.2.3.jar;D:\apache-maven-3.5.0\maven-repository\io\jsonwebtoken\jjwt\0.9.1\jjwt-0.9.1.jar;D:\apache-maven-3.5.0\maven-repository\org\webjars\webjars-locator\0.39\webjars-locator-0.39.jar;D:\apache-maven-3.5.0\maven-repository\org\webjars\webjars-locator-core\0.45\webjars-locator-core-0.45.jar;D:\apache-maven-3.5.0\maven-repository\io\github\classgraph\classgraph\4.8.69\classgraph-4.8.69.jar;D:\apache-maven-3.5.0\maven-repository\org\apache\commons\commons-lang3\3.10\commons-lang3-3.10.jar;D:\apache-maven-3.5.0\maven-repository\org\webjars\sockjs-client\1.1.2\sockjs-client-1.1.2.jar;D:\apache-maven-3.5.0\maven-repository\org\springframework\boot\spring-boot-starter-websocket\2.2.6.RELEASE\spring-boot-starter-websocket-2.2.6.RELEASE.jar;D:\apache-maven-3.5.0\maven-repository\org\springframework\spring-messaging\5.2.10.RELEASE\spring-messaging-5.2.10.RELEASE.jar;D:\apache-maven-3.5.0\maven-repository\org\springframework\spring-beans\5.2.10.RELEASE\spring-beans-5.2.10.RELEASE.jar;D:\apache-maven-3.5.0\maven-repository\org\springframework\spring-websocket\5.2.10.RELEASE\spring-websocket-5.2.10.RELEASE.jar;D:\apache-maven-3.5.0\maven-repository\org\springframework\spring-context\5.2.10.RELEASE\spring-context-5.2.10.RELEASE.jar;D:\apache-maven-3.5.0\maven-repository\org\springframework\boot\spring-boot-starter-web\2.3.5.RELEASE\spring-boot-starter-web-2.3.5.RELEASE.jar;D:\apache-maven-3.5.0\maven-repository\org\springframework\boot\spring-boot-starter-json\2.3.5.RELEASE\spring-boot-starter-json-2.3.5.RELEASE.jar;D:\apache-maven-3.5.0\maven-repository\com\fasterxml\jackson\datatype\jackson-datatype-jdk8\2.11.3\jackson-datatype-jdk8-2.11.3.jar;D:\apache-maven-3.5.0\maven-repository\com\fasterxml\jackson\datatype\jackson-datatype-jsr310\2.11.3\jackson-datatype-jsr310-2.11.3.jar;D:\apache-maven-3.5.0\maven-repository\com\fasterxml\jackson\module\jackson-module-parameter-names\2.11.3\jackson-module-parameter-names-2.11.3.jar;D:\apache-maven-3.5.0\maven-repository\org\springframework\boot\spring-boot-starter-tomcat\2.3.5.RELEASE\spring-boot-starter-tomcat-2.3.5.RELEASE.jar;D:\apache-maven-3.5.0\maven-repository\org\apache\tomcat\embed\tomcat-embed-core\9.0.39\tomcat-embed-core-9.0.39.jar;D:\apache-maven-3.5.0\maven-repository\org\glassfish\jakarta.el\3.0.3\jakarta.el-3.0.3.jar;D:\apache-maven-3.5.0\maven-repository\org\apache\tomcat\embed\tomcat-embed-websocket\9.0.39\tomcat-embed-websocket-9.0.39.jar;D:\apache-maven-3.5.0\maven-repository\org\springframework\spring-web\5.2.10.RELEASE\spring-web-5.2.10.RELEASE.jar;D:\apache-maven-3.5.0\maven-repository\org\springframework\spring-webmvc\5.2.10.RELEASE\spring-webmvc-5.2.10.RELEASE.jar;D:\apache-maven-3.5.0\maven-repository\org\springframework\spring-expression\5.2.10.RELEASE\spring-expression-5.2.10.RELEASE.jar;D:\apache-maven-3.5.0\maven-repository\com\esotericsoftware\kryo\4.0.0\kryo-4.0.0.jar;D:\apache-maven-3.5.0\maven-repository\com\esotericsoftware\reflectasm\1.11.3\reflectasm-1.11.3.jar;D:\apache-maven-3.5.0\maven-repository\org\ow2\asm\asm\5.0.4\asm-5.0.4.jar;D:\apache-maven-3.5.0\maven-repository\com\esotericsoftware\minlog\1.3.0\minlog-1.3.0.jar;D:\apache-maven-3.5.0\maven-repository\org\objenesis\objenesis\2.2\objenesis-2.2.jar;D:\apache-maven-3.5.0\maven-repository\com\fasterxml\jackson\core\jackson-databind\2.11.3\jackson-databind-2.11.3.jar;D:\apache-maven-3.5.0\maven-repository\com\fasterxml\jackson\core\jackson-annotations\2.11.3\jackson-annotations-2.11.3.jar;D:\apache-maven-3.5.0\maven-repository\com\fasterxml\jackson\core\jackson-core\2.11.3\jackson-core-2.11.3.jar;D:\apache-maven-3.5.0\maven-repository\org\springframework\boot\spring-boot-starter-test\2.3.5.RELEASE\spring-boot-starter-test-2.3.5.RELEASE.jar;D:\apache-maven-3.5.0\maven-repository\org\springframework\boot\spring-boot-test\2.3.5.RELEASE\spring-boot-test-2.3.5.RELEASE.jar;D:\apache-maven-3.5.0\maven-repository\org\springframework\boot\spring-boot-test-autoconfigure\2.3.5.RELEASE\spring-boot-test-autoconfigure-2.3.5.RELEASE.jar;D:\apache-maven-3.5.0\maven-repository\com\jayway\jsonpath\json-path\2.4.0\json-path-2.4.0.jar;D:\apache-maven-3.5.0\maven-repository\net\minidev\json-smart\2.3\json-smart-2.3.jar;D:\apache-maven-3.5.0\maven-repository\net\minidev\accessors-smart\1.2\accessors-smart-1.2.jar;D:\apache-maven-3.5.0\maven-repository\jakarta\xml\bind\jakarta.xml.bind-api\2.3.3\jakarta.xml.bind-api-2.3.3.jar;D:\apache-maven-3.5.0\maven-repository\jakarta\activation\jakarta.activation-api\1.2.2\jakarta.activation-api-1.2.2.jar;D:\apache-maven-3.5.0\maven-repository\org\assertj\assertj-core\3.16.1\assertj-core-3.16.1.jar;D:\apache-maven-3.5.0\maven-repository\org\hamcrest\hamcrest\2.2\hamcrest-2.2.jar;D:\apache-maven-3.5.0\maven-repository\org\junit\jupiter\junit-jupiter\5.6.3\junit-jupiter-5.6.3.jar;D:\apache-maven-3.5.0\maven-repository\org\junit\jupiter\junit-jupiter-api\5.6.3\junit-jupiter-api-5.6.3.jar;D:\apache-maven-3.5.0\maven-repository\org\apiguardian\apiguardian-api\1.1.0\apiguardian-api-1.1.0.jar;D:\apache-maven-3.5.0\maven-repository\org\opentest4j\opentest4j\1.2.0\opentest4j-1.2.0.jar;D:\apache-maven-3.5.0\maven-repository\org\junit\platform\junit-platform-commons\1.6.3\junit-platform-commons-1.6.3.jar;D:\apache-maven-3.5.0\maven-repository\org\junit\jupiter\junit-jupiter-params\5.6.3\junit-jupiter-params-5.6.3.jar;D:\apache-maven-3.5.0\maven-repository\org\junit\jupiter\junit-jupiter-engine\5.6.3\junit-jupiter-engine-5.6.3.jar;D:\apache-maven-3.5.0\maven-repository\org\junit\platform\junit-platform-engine\1.6.3\junit-platform-engine-1.6.3.jar;D:\apache-maven-3.5.0\maven-repository\org\mockito\mockito-core\3.3.3\mockito-core-3.3.3.jar;D:\apache-maven-3.5.0\maven-repository\net\bytebuddy\byte-buddy\1.10.17\byte-buddy-1.10.17.jar;D:\apache-maven-3.5.0\maven-repository\net\bytebuddy\byte-buddy-agent\1.10.17\byte-buddy-agent-1.10.17.jar;D:\apache-maven-3.5.0\maven-repository\org\mockito\mockito-junit-jupiter\3.3.3\mockito-junit-jupiter-3.3.3.jar;D:\apache-maven-3.5.0\maven-repository\org\skyscreamer\jsonassert\1.5.0\jsonassert-1.5.0.jar;D:\apache-maven-3.5.0\maven-repository\com\vaadin\external\google\android-json\0.0.20131108.vaadin1\android-json-0.0.20131108.vaadin1.jar;D:\apache-maven-3.5.0\maven-repository\org\springframework\spring-core\5.2.10.RELEASE\spring-core-5.2.10.RELEASE.jar;D:\apache-maven-3.5.0\maven-repository\org\springframework\spring-jcl\5.2.10.RELEASE\spring-jcl-5.2.10.RELEASE.jar;D:\apache-maven-3.5.0\maven-repository\org\springframework\spring-test\5.2.10.RELEASE\spring-test-5.2.10.RELEASE.jar;D:\apache-maven-3.5.0\maven-repository\org\xmlunit\xmlunit-core\2.7.0\xmlunit-core-2.7.0.jar;"/>
    <property name="java.vm.vendor" value="Oracle Corporation"/>
    <property name="sun.arch.data.model" value="64"/>
    <property name="user.variant" value=""/>
    <property name="java.vendor.url" value="http://java.oracle.com/"/>
    <property name="user.timezone" value="Asia/Shanghai"/>
    <property name="java.vm.specification.version" value="1.8"/>
    <property name="os.name" value="Windows 10"/>
    <property name="user.country" value="CN"/>
    <property name="sun.java.launcher" value="SUN_STANDARD"/>
    <property name="sun.boot.library.path" value="E:\Java\jdk1.8.0_201\jre\bin"/>
    <property name="sun.java.command" value="C:\Users\86153\AppData\Local\Temp\surefire2364396670992442631\surefirebooter6179760238420491590.jar C:\Users\86153\AppData\Local\Temp\surefire2364396670992442631 2021-03-22T09-44-35_135-jvmRun1 surefire6321905512956013646tmp surefire_09069497535966025554tmp"/>
    <property name="surefire.test.class.path" value="D:\Project\customer-service\target\test-classes;D:\Project\customer-service\target\classes;D:\apache-maven-3.5.0\maven-repository\com\alibaba\fastjson\1.2.35\fastjson-1.2.35.jar;D:\apache-maven-3.5.0\maven-repository\com\aliyun\oss\aliyun-sdk-oss\3.10.2\aliyun-sdk-oss-3.10.2.jar;D:\apache-maven-3.5.0\maven-repository\org\apache\httpcomponents\httpclient\4.5.13\httpclient-4.5.13.jar;D:\apache-maven-3.5.0\maven-repository\org\apache\httpcomponents\httpcore\4.4.13\httpcore-4.4.13.jar;D:\apache-maven-3.5.0\maven-repository\commons-codec\commons-codec\1.14\commons-codec-1.14.jar;D:\apache-maven-3.5.0\maven-repository\org\jdom\jdom2\2.0.6\jdom2-2.0.6.jar;D:\apache-maven-3.5.0\maven-repository\org\codehaus\jettison\jettison\1.1\jettison-1.1.jar;D:\apache-maven-3.5.0\maven-repository\stax\stax-api\1.0.1\stax-api-1.0.1.jar;D:\apache-maven-3.5.0\maven-repository\com\aliyun\aliyun-java-sdk-core\3.4.0\aliyun-java-sdk-core-3.4.0.jar;D:\apache-maven-3.5.0\maven-repository\com\aliyun\aliyun-java-sdk-ram\3.0.0\aliyun-java-sdk-ram-3.0.0.jar;D:\apache-maven-3.5.0\maven-repository\com\aliyun\aliyun-java-sdk-sts\3.0.0\aliyun-java-sdk-sts-3.0.0.jar;D:\apache-maven-3.5.0\maven-repository\com\aliyun\aliyun-java-sdk-ecs\4.2.0\aliyun-java-sdk-ecs-4.2.0.jar;D:\apache-maven-3.5.0\maven-repository\com\aliyun\aliyun-java-sdk-kms\2.7.0\aliyun-java-sdk-kms-2.7.0.jar;D:\apache-maven-3.5.0\maven-repository\com\google\code\gson\gson\2.8.6\gson-2.8.6.jar;D:\apache-maven-3.5.0\maven-repository\org\springframework\boot\spring-boot-starter-data-redis\2.3.5.RELEASE\spring-boot-starter-data-redis-2.3.5.RELEASE.jar;D:\apache-maven-3.5.0\maven-repository\org\springframework\boot\spring-boot-starter\2.3.5.RELEASE\spring-boot-starter-2.3.5.RELEASE.jar;D:\apache-maven-3.5.0\maven-repository\org\springframework\boot\spring-boot\2.3.5.RELEASE\spring-boot-2.3.5.RELEASE.jar;D:\apache-maven-3.5.0\maven-repository\org\springframework\boot\spring-boot-autoconfigure\2.3.5.RELEASE\spring-boot-autoconfigure-2.3.5.RELEASE.jar;D:\apache-maven-3.5.0\maven-repository\org\springframework\boot\spring-boot-starter-logging\2.3.5.RELEASE\spring-boot-starter-logging-2.3.5.RELEASE.jar;D:\apache-maven-3.5.0\maven-repository\ch\qos\logback\logback-classic\1.2.3\logback-classic-1.2.3.jar;D:\apache-maven-3.5.0\maven-repository\ch\qos\logback\logback-core\1.2.3\logback-core-1.2.3.jar;D:\apache-maven-3.5.0\maven-repository\org\apache\logging\log4j\log4j-to-slf4j\2.13.3\log4j-to-slf4j-2.13.3.jar;D:\apache-maven-3.5.0\maven-repository\org\apache\logging\log4j\log4j-api\2.13.3\log4j-api-2.13.3.jar;D:\apache-maven-3.5.0\maven-repository\org\slf4j\jul-to-slf4j\1.7.30\jul-to-slf4j-1.7.30.jar;D:\apache-maven-3.5.0\maven-repository\jakarta\annotation\jakarta.annotation-api\1.3.5\jakarta.annotation-api-1.3.5.jar;D:\apache-maven-3.5.0\maven-repository\org\yaml\snakeyaml\1.26\snakeyaml-1.26.jar;D:\apache-maven-3.5.0\maven-repository\org\springframework\data\spring-data-redis\2.3.5.RELEASE\spring-data-redis-2.3.5.RELEASE.jar;D:\apache-maven-3.5.0\maven-repository\org\springframework\data\spring-data-keyvalue\2.3.5.RELEASE\spring-data-keyvalue-2.3.5.RELEASE.jar;D:\apache-maven-3.5.0\maven-repository\org\springframework\data\spring-data-commons\2.3.5.RELEASE\spring-data-commons-2.3.5.RELEASE.jar;D:\apache-maven-3.5.0\maven-repository\org\springframework\spring-tx\5.2.10.RELEASE\spring-tx-5.2.10.RELEASE.jar;D:\apache-maven-3.5.0\maven-repository\org\springframework\spring-oxm\5.2.10.RELEASE\spring-oxm-5.2.10.RELEASE.jar;D:\apache-maven-3.5.0\maven-repository\org\springframework\spring-aop\5.2.10.RELEASE\spring-aop-5.2.10.RELEASE.jar;D:\apache-maven-3.5.0\maven-repository\org\springframework\spring-context-support\5.2.10.RELEASE\spring-context-support-5.2.10.RELEASE.jar;D:\apache-maven-3.5.0\maven-repository\org\slf4j\slf4j-api\1.7.30\slf4j-api-1.7.30.jar;D:\apache-maven-3.5.0\maven-repository\io\lettuce\lettuce-core\5.3.5.RELEASE\lettuce-core-5.3.5.RELEASE.jar;D:\apache-maven-3.5.0\maven-repository\io\netty\netty-common\4.1.53.Final\netty-common-4.1.53.Final.jar;D:\apache-maven-3.5.0\maven-repository\io\netty\netty-handler\4.1.53.Final\netty-handler-4.1.53.Final.jar;D:\apache-maven-3.5.0\maven-repository\io\netty\netty-resolver\4.1.53.Final\netty-resolver-4.1.53.Final.jar;D:\apache-maven-3.5.0\maven-repository\io\netty\netty-buffer\4.1.53.Final\netty-buffer-4.1.53.Final.jar;D:\apache-maven-3.5.0\maven-repository\io\netty\netty-codec\4.1.53.Final\netty-codec-4.1.53.Final.jar;D:\apache-maven-3.5.0\maven-repository\io\netty\netty-transport\4.1.53.Final\netty-transport-4.1.53.Final.jar;D:\apache-maven-3.5.0\maven-repository\io\projectreactor\reactor-core\3.3.11.RELEASE\reactor-core-3.3.11.RELEASE.jar;D:\apache-maven-3.5.0\maven-repository\org\reactivestreams\reactive-streams\1.0.3\reactive-streams-1.0.3.jar;D:\apache-maven-3.5.0\maven-repository\com\github\binarywang\weixin-java-mp\3.3.0\weixin-java-mp-3.3.0.jar;D:\apache-maven-3.5.0\maven-repository\com\github\binarywang\weixin-java-common\3.3.0\weixin-java-common-3.3.0.jar;D:\apache-maven-3.5.0\maven-repository\com\thoughtworks\xstream\xstream\1.4.10\xstream-1.4.10.jar;D:\apache-maven-3.5.0\maven-repository\xmlpull\xmlpull\1.1.3.1\xmlpull-1.1.3.1.jar;D:\apache-maven-3.5.0\maven-repository\xpp3\xpp3_min\1.1.4c\xpp3_min-1.1.4c.jar;D:\apache-maven-3.5.0\maven-repository\org\apache\httpcomponents\httpmime\4.5.13\httpmime-4.5.13.jar;D:\apache-maven-3.5.0\maven-repository\org\slf4j\jcl-over-slf4j\1.7.30\jcl-over-slf4j-1.7.30.jar;D:\apache-maven-3.5.0\maven-repository\commons-io\commons-io\2.5\commons-io-2.5.jar;D:\apache-maven-3.5.0\maven-repository\com\google\guava\guava\20.0\guava-20.0.jar;D:\apache-maven-3.5.0\maven-repository\org\dom4j\dom4j\2.0.0\dom4j-2.0.0.jar;D:\apache-maven-3.5.0\maven-repository\jaxen\jaxen\1.2.0\jaxen-1.2.0.jar;D:\apache-maven-3.5.0\maven-repository\org\webjars\stomp-websocket\2.3.3\stomp-websocket-2.3.3.jar;D:\apache-maven-3.5.0\maven-repository\javax\javaee-api\8.0\javaee-api-8.0.jar;D:\apache-maven-3.5.0\maven-repository\com\sun\mail\javax.mail\1.6.0\javax.mail-1.6.0.jar;D:\apache-maven-3.5.0\maven-repository\javax\activation\activation\1.1\activation-1.1.jar;D:\apache-maven-3.5.0\maven-repository\org\webjars\jquery\3.4.1\jquery-3.4.1.jar;D:\apache-maven-3.5.0\maven-repository\org\webjars\bootstrap\4.4.1\bootstrap-4.4.1.jar;D:\apache-maven-3.5.0\maven-repository\org\webjars\popper.js\1.14.3\popper.js-1.14.3.jar;D:\apache-maven-3.5.0\maven-repository\mysql\mysql-connector-java\8.0.22\mysql-connector-java-8.0.22.jar;D:\apache-maven-3.5.0\maven-repository\org\mybatis\spring\boot\mybatis-spring-boot-starter\2.1.4\mybatis-spring-boot-starter-2.1.4.jar;D:\apache-maven-3.5.0\maven-repository\org\springframework\boot\spring-boot-starter-jdbc\2.3.5.RELEASE\spring-boot-starter-jdbc-2.3.5.RELEASE.jar;D:\apache-maven-3.5.0\maven-repository\com\zaxxer\HikariCP\3.4.5\HikariCP-3.4.5.jar;D:\apache-maven-3.5.0\maven-repository\org\springframework\spring-jdbc\5.2.10.RELEASE\spring-jdbc-5.2.10.RELEASE.jar;D:\apache-maven-3.5.0\maven-repository\org\mybatis\spring\boot\mybatis-spring-boot-autoconfigure\2.1.4\mybatis-spring-boot-autoconfigure-2.1.4.jar;D:\apache-maven-3.5.0\maven-repository\org\mybatis\mybatis\3.5.6\mybatis-3.5.6.jar;D:\apache-maven-3.5.0\maven-repository\org\mybatis\mybatis-spring\2.0.6\mybatis-spring-2.0.6.jar;D:\apache-maven-3.5.0\maven-repository\com\alibaba\druid\1.2.3\druid-1.2.3.jar;D:\apache-maven-3.5.0\maven-repository\io\jsonwebtoken\jjwt\0.9.1\jjwt-0.9.1.jar;D:\apache-maven-3.5.0\maven-repository\org\webjars\webjars-locator\0.39\webjars-locator-0.39.jar;D:\apache-maven-3.5.0\maven-repository\org\webjars\webjars-locator-core\0.45\webjars-locator-core-0.45.jar;D:\apache-maven-3.5.0\maven-repository\io\github\classgraph\classgraph\4.8.69\classgraph-4.8.69.jar;D:\apache-maven-3.5.0\maven-repository\org\apache\commons\commons-lang3\3.10\commons-lang3-3.10.jar;D:\apache-maven-3.5.0\maven-repository\org\webjars\sockjs-client\1.1.2\sockjs-client-1.1.2.jar;D:\apache-maven-3.5.0\maven-repository\org\springframework\boot\spring-boot-starter-websocket\2.2.6.RELEASE\spring-boot-starter-websocket-2.2.6.RELEASE.jar;D:\apache-maven-3.5.0\maven-repository\org\springframework\spring-messaging\5.2.10.RELEASE\spring-messaging-5.2.10.RELEASE.jar;D:\apache-maven-3.5.0\maven-repository\org\springframework\spring-beans\5.2.10.RELEASE\spring-beans-5.2.10.RELEASE.jar;D:\apache-maven-3.5.0\maven-repository\org\springframework\spring-websocket\5.2.10.RELEASE\spring-websocket-5.2.10.RELEASE.jar;D:\apache-maven-3.5.0\maven-repository\org\springframework\spring-context\5.2.10.RELEASE\spring-context-5.2.10.RELEASE.jar;D:\apache-maven-3.5.0\maven-repository\org\springframework\boot\spring-boot-starter-web\2.3.5.RELEASE\spring-boot-starter-web-2.3.5.RELEASE.jar;D:\apache-maven-3.5.0\maven-repository\org\springframework\boot\spring-boot-starter-json\2.3.5.RELEASE\spring-boot-starter-json-2.3.5.RELEASE.jar;D:\apache-maven-3.5.0\maven-repository\com\fasterxml\jackson\datatype\jackson-datatype-jdk8\2.11.3\jackson-datatype-jdk8-2.11.3.jar;D:\apache-maven-3.5.0\maven-repository\com\fasterxml\jackson\datatype\jackson-datatype-jsr310\2.11.3\jackson-datatype-jsr310-2.11.3.jar;D:\apache-maven-3.5.0\maven-repository\com\fasterxml\jackson\module\jackson-module-parameter-names\2.11.3\jackson-module-parameter-names-2.11.3.jar;D:\apache-maven-3.5.0\maven-repository\org\springframework\boot\spring-boot-starter-tomcat\2.3.5.RELEASE\spring-boot-starter-tomcat-2.3.5.RELEASE.jar;D:\apache-maven-3.5.0\maven-repository\org\apache\tomcat\embed\tomcat-embed-core\9.0.39\tomcat-embed-core-9.0.39.jar;D:\apache-maven-3.5.0\maven-repository\org\glassfish\jakarta.el\3.0.3\jakarta.el-3.0.3.jar;D:\apache-maven-3.5.0\maven-repository\org\apache\tomcat\embed\tomcat-embed-websocket\9.0.39\tomcat-embed-websocket-9.0.39.jar;D:\apache-maven-3.5.0\maven-repository\org\springframework\spring-web\5.2.10.RELEASE\spring-web-5.2.10.RELEASE.jar;D:\apache-maven-3.5.0\maven-repository\org\springframework\spring-webmvc\5.2.10.RELEASE\spring-webmvc-5.2.10.RELEASE.jar;D:\apache-maven-3.5.0\maven-repository\org\springframework\spring-expression\5.2.10.RELEASE\spring-expression-5.2.10.RELEASE.jar;D:\apache-maven-3.5.0\maven-repository\com\esotericsoftware\kryo\4.0.0\kryo-4.0.0.jar;D:\apache-maven-3.5.0\maven-repository\com\esotericsoftware\reflectasm\1.11.3\reflectasm-1.11.3.jar;D:\apache-maven-3.5.0\maven-repository\org\ow2\asm\asm\5.0.4\asm-5.0.4.jar;D:\apache-maven-3.5.0\maven-repository\com\esotericsoftware\minlog\1.3.0\minlog-1.3.0.jar;D:\apache-maven-3.5.0\maven-repository\org\objenesis\objenesis\2.2\objenesis-2.2.jar;D:\apache-maven-3.5.0\maven-repository\com\fasterxml\jackson\core\jackson-databind\2.11.3\jackson-databind-2.11.3.jar;D:\apache-maven-3.5.0\maven-repository\com\fasterxml\jackson\core\jackson-annotations\2.11.3\jackson-annotations-2.11.3.jar;D:\apache-maven-3.5.0\maven-repository\com\fasterxml\jackson\core\jackson-core\2.11.3\jackson-core-2.11.3.jar;D:\apache-maven-3.5.0\maven-repository\org\springframework\boot\spring-boot-starter-test\2.3.5.RELEASE\spring-boot-starter-test-2.3.5.RELEASE.jar;D:\apache-maven-3.5.0\maven-repository\org\springframework\boot\spring-boot-test\2.3.5.RELEASE\spring-boot-test-2.3.5.RELEASE.jar;D:\apache-maven-3.5.0\maven-repository\org\springframework\boot\spring-boot-test-autoconfigure\2.3.5.RELEASE\spring-boot-test-autoconfigure-2.3.5.RELEASE.jar;D:\apache-maven-3.5.0\maven-repository\com\jayway\jsonpath\json-path\2.4.0\json-path-2.4.0.jar;D:\apache-maven-3.5.0\maven-repository\net\minidev\json-smart\2.3\json-smart-2.3.jar;D:\apache-maven-3.5.0\maven-repository\net\minidev\accessors-smart\1.2\accessors-smart-1.2.jar;D:\apache-maven-3.5.0\maven-repository\jakarta\xml\bind\jakarta.xml.bind-api\2.3.3\jakarta.xml.bind-api-2.3.3.jar;D:\apache-maven-3.5.0\maven-repository\jakarta\activation\jakarta.activation-api\1.2.2\jakarta.activation-api-1.2.2.jar;D:\apache-maven-3.5.0\maven-repository\org\assertj\assertj-core\3.16.1\assertj-core-3.16.1.jar;D:\apache-maven-3.5.0\maven-repository\org\hamcrest\hamcrest\2.2\hamcrest-2.2.jar;D:\apache-maven-3.5.0\maven-repository\org\junit\jupiter\junit-jupiter\5.6.3\junit-jupiter-5.6.3.jar;D:\apache-maven-3.5.0\maven-repository\org\junit\jupiter\junit-jupiter-api\5.6.3\junit-jupiter-api-5.6.3.jar;D:\apache-maven-3.5.0\maven-repository\org\apiguardian\apiguardian-api\1.1.0\apiguardian-api-1.1.0.jar;D:\apache-maven-3.5.0\maven-repository\org\opentest4j\opentest4j\1.2.0\opentest4j-1.2.0.jar;D:\apache-maven-3.5.0\maven-repository\org\junit\platform\junit-platform-commons\1.6.3\junit-platform-commons-1.6.3.jar;D:\apache-maven-3.5.0\maven-repository\org\junit\jupiter\junit-jupiter-params\5.6.3\junit-jupiter-params-5.6.3.jar;D:\apache-maven-3.5.0\maven-repository\org\junit\jupiter\junit-jupiter-engine\5.6.3\junit-jupiter-engine-5.6.3.jar;D:\apache-maven-3.5.0\maven-repository\org\junit\platform\junit-platform-engine\1.6.3\junit-platform-engine-1.6.3.jar;D:\apache-maven-3.5.0\maven-repository\org\mockito\mockito-core\3.3.3\mockito-core-3.3.3.jar;D:\apache-maven-3.5.0\maven-repository\net\bytebuddy\byte-buddy\1.10.17\byte-buddy-1.10.17.jar;D:\apache-maven-3.5.0\maven-repository\net\bytebuddy\byte-buddy-agent\1.10.17\byte-buddy-agent-1.10.17.jar;D:\apache-maven-3.5.0\maven-repository\org\mockito\mockito-junit-jupiter\3.3.3\mockito-junit-jupiter-3.3.3.jar;D:\apache-maven-3.5.0\maven-repository\org\skyscreamer\jsonassert\1.5.0\jsonassert-1.5.0.jar;D:\apache-maven-3.5.0\maven-repository\com\vaadin\external\google\android-json\0.0.20131108.vaadin1\android-json-0.0.20131108.vaadin1.jar;D:\apache-maven-3.5.0\maven-repository\org\springframework\spring-core\5.2.10.RELEASE\spring-core-5.2.10.RELEASE.jar;D:\apache-maven-3.5.0\maven-repository\org\springframework\spring-jcl\5.2.10.RELEASE\spring-jcl-5.2.10.RELEASE.jar;D:\apache-maven-3.5.0\maven-repository\org\springframework\spring-test\5.2.10.RELEASE\spring-test-5.2.10.RELEASE.jar;D:\apache-maven-3.5.0\maven-repository\org\xmlunit\xmlunit-core\2.7.0\xmlunit-core-2.7.0.jar;"/>
    <property name="sun.cpu.endian" value="little"/>
    <property name="user.home" value="C:\Users\86153"/>
    <property name="user.language" value="zh"/>
    <property name="java.specification.vendor" value="Oracle Corporation"/>
    <property name="java.home" value="E:\Java\jdk1.8.0_201\jre"/>
    <property name="basedir" value="D:\Project\customer-service"/>
    <property name="file.separator" value="\"/>
    <property name="line.separator" value="&#10;"/>
    <property name="java.vm.specification.vendor" value="Oracle Corporation"/>
    <property name="java.specification.name" value="Java Platform API Specification"/>
    <property name="java.awt.graphicsenv" value="sun.awt.Win32GraphicsEnvironment"/>
    <property name="surefire.real.class.path" value="C:\Users\86153\AppData\Local\Temp\surefire2364396670992442631\surefirebooter6179760238420491590.jar"/>
    <property name="sun.boot.class.path" value="E:\Java\jdk1.8.0_201\jre\lib\resources.jar;E:\Java\jdk1.8.0_201\jre\lib\rt.jar;E:\Java\jdk1.8.0_201\jre\lib\sunrsasign.jar;E:\Java\jdk1.8.0_201\jre\lib\jsse.jar;E:\Java\jdk1.8.0_201\jre\lib\jce.jar;E:\Java\jdk1.8.0_201\jre\lib\charsets.jar;E:\Java\jdk1.8.0_201\jre\lib\jfr.jar;E:\Java\jdk1.8.0_201\jre\classes"/>
    <property name="user.script" value=""/>
    <property name="sun.management.compiler" value="HotSpot 64-Bit Tiered Compilers"/>
    <property name="java.runtime.version" value="1.8.0_201-b09"/>
    <property name="user.name" value="86153"/>
    <property name="path.separator" value=";"/>
    <property name="os.version" value="10.0"/>
    <property name="java.endorsed.dirs" value="E:\Java\jdk1.8.0_201\jre\lib\endorsed"/>
    <property name="java.runtime.name" value="Java(TM) SE Runtime Environment"/>
    <property name="file.encoding" value="GBK"/>
    <property name="java.vm.name" value="Java HotSpot(TM) 64-Bit Server VM"/>
    <property name="localRepository" value="D:\apache-maven-3.5.0\maven-repository"/>
    <property name="java.vendor.url.bug" value="http://bugreport.sun.com/bugreport/"/>
    <property name="java.io.tmpdir" value="C:\Users\86153\AppData\Local\Temp\"/>
    <property name="idea.version" value="2020.3"/>
    <property name="java.version" value="1.8.0_201"/>
    <property name="user.dir" value="D:\Project\customer-service"/>
    <property name="os.arch" value="amd64"/>
    <property name="java.vm.specification.name" value="Java Virtual Machine Specification"/>
    <property name="java.awt.printerjob" value="sun.awt.windows.WPrinterJob"/>
    <property name="sun.os.patch.level" value=""/>
    <property name="java.library.path" value="E:\Java\jdk1.8.0_201\jre\bin;C:\Windows\Sun\Java\bin;C:\Windows\system32;C:\Windows;D:\VMware16\bin\;C:\Program Files (x86)\Common Files\Oracle\Java\javapath;C:\Windows\system32;C:\Windows;C:\Windows\System32\Wbem;C:\Windows\System32\WindowsPowerShell\v1.0\;C:\Windows\System32\OpenSSH\;C:\Program Files (x86)\NVIDIA Corporation\PhysX\Common;C:\Program Files\NVIDIA Corporation\NVIDIA NvDLISR;E:\Java\jdk1.8.0_201\bin;D:\apache-maven-3.5.0\bin;D:\TortoiseSVN\bin;D:\nodejs\;D:\Git\cmd;D:\MongoDb\bin;;."/>
    <property name="java.vm.info" value="mixed mode"/>
    <property name="java.vendor" value="Oracle Corporation"/>
    <property name="java.vm.version" value="25.201-b09"/>
    <property name="java.ext.dirs" value="E:\Java\jdk1.8.0_201\jre\lib\ext;C:\Windows\Sun\Java\lib\ext"/>
    <property name="sun.io.unicode.encoding" value="UnicodeLittle"/>
    <property name="maven.repo.local" value="D:\apache-maven-3.5.0\maven-repository"/>
    <property name="java.class.version" value="52.0"/>
  </properties>
  <testcase name="contextLoads" classname="com.dehe.CustomerServiceApplicationTests" time="0.147"/>
</testsuite>